<?xml version="1.0" encoding="UTF-8"?>
<testsuite xmlns:xsi="http://www.w3.org/2001/XMLSchema-instance" xsi:noNamespaceSchemaLocation="https://maven.apache.org/surefire/maven-surefire-plugin/xsd/surefire-test-report.xsd" version="3.0.1" name="com.tapiwa.learn.java.ee.AppTest" time="0.057" tests="1" errors="0" skipped="0" failures="0">
  <properties>
    <property name="java.specification.version" value="17"/>
    <property name="sun.cpu.isalist" value="amd64"/>
    <property name="sun.jnu.encoding" value="Cp1252"/>
    <property name="java.class.path" value="C:\devops\spring\java-ee\learn-java-ee\target\test-classes;C:\devops\spring\java-ee\learn-java-ee\target\classes;C:\Users\tapiwanashe.mbizvo.ENTELECT\.m2\repository\org\junit\jupiter\junit-jupiter-api\5.11.0\junit-jupiter-api-5.11.0.jar;C:\Users\tapiwanashe.mbizvo.ENTELECT\.m2\repository\org\opentest4j\opentest4j\1.3.0\opentest4j-1.3.0.jar;C:\Users\tapiwanashe.mbizvo.ENTELECT\.m2\repository\org\junit\platform\junit-platform-commons\1.11.0\junit-platform-commons-1.11.0.jar;C:\Users\tapiwanashe.mbizvo.ENTELECT\.m2\repository\org\apiguardian\apiguardian-api\1.1.2\apiguardian-api-1.1.2.jar;C:\Users\tapiwanashe.mbizvo.ENTELECT\.m2\repository\org\junit\jupiter\junit-jupiter-params\5.11.0\junit-jupiter-params-5.11.0.jar;C:\Users\tapiwanashe.mbizvo.ENTELECT\.m2\repository\javax\javaee-api\8.0\javaee-api-8.0.jar;C:\Users\tapiwanashe.mbizvo.ENTELECT\.m2\repository\com\sun\mail\javax.mail\1.6.0\javax.mail-1.6.0.jar;C:\Users\tapiwanashe.mbizvo.ENTELECT\.m2\repository\javax\activation\activation\1.1\activation-1.1.jar;C:\Users\tapiwanashe.mbizvo.ENTELECT\.m2\repository\org\postgresql\postgresql\42.2.19\postgresql-42.2.19.jar;C:\Users\tapiwanashe.mbizvo.ENTELECT\.m2\repository\org\checkerframework\checker-qual\3.5.0\checker-qual-3.5.0.jar;"/>
    <property name="java.vm.vendor" value="Oracle Corporation"/>
    <property name="sun.arch.data.model" value="64"/>
    <property name="user.variant" value=""/>
    <property name="java.vendor.url" value="https://java.oracle.com/"/>
    <property name="user.timezone" value="Africa/Johannesburg"/>
    <property name="os.name" value="Windows 11"/>
    <property name="java.vm.specification.version" value="17"/>
    <property name="sun.java.launcher" value="SUN_STANDARD"/>
    <property name="user.country" value="ZA"/>
    <property name="sun.boot.library.path" value="C:\Program Files\Java\jdk-17\bin"/>
    <property name="sun.java.command" value="C:\Users\tapiwanashe.mbizvo.ENTELECT\AppData\Local\Temp\surefire13491043897298688354\surefirebooter-20241019065448198_3.jar C:\Users\tapiwanashe.mbizvo.ENTELECT\AppData\Local\Temp\surefire13491043897298688354 2024-10-19T06-54-48_023-jvmRun1 surefire-20241019065448198_1tmp surefire_0-20241019065448198_2tmp"/>
    <property name="jdk.debug" value="release"/>
    <property name="surefire.test.class.path" value="C:\devops\spring\java-ee\learn-java-ee\target\test-classes;C:\devops\spring\java-ee\learn-java-ee\target\classes;C:\Users\tapiwanashe.mbizvo.ENTELECT\.m2\repository\org\junit\jupiter\junit-jupiter-api\5.11.0\junit-jupiter-api-5.11.0.jar;C:\Users\tapiwanashe.mbizvo.ENTELECT\.m2\repository\org\opentest4j\opentest4j\1.3.0\opentest4j-1.3.0.jar;C:\Users\tapiwanashe.mbizvo.ENTELECT\.m2\repository\org\junit\platform\junit-platform-commons\1.11.0\junit-platform-commons-1.11.0.jar;C:\Users\tapiwanashe.mbizvo.ENTELECT\.m2\repository\org\apiguardian\apiguardian-api\1.1.2\apiguardian-api-1.1.2.jar;C:\Users\tapiwanashe.mbizvo.ENTELECT\.m2\repository\org\junit\jupiter\junit-jupiter-params\5.11.0\junit-jupiter-params-5.11.0.jar;C:\Users\tapiwanashe.mbizvo.ENTELECT\.m2\repository\javax\javaee-api\8.0\javaee-api-8.0.jar;C:\Users\tapiwanashe.mbizvo.ENTELECT\.m2\repository\com\sun\mail\javax.mail\1.6.0\javax.mail-1.6.0.jar;C:\Users\tapiwanashe.mbizvo.ENTELECT\.m2\repository\javax\activation\activation\1.1\activation-1.1.jar;C:\Users\tapiwanashe.mbizvo.ENTELECT\.m2\repository\org\postgresql\postgresql\42.2.19\postgresql-42.2.19.jar;C:\Users\tapiwanashe.mbizvo.ENTELECT\.m2\repository\org\checkerframework\checker-qual\3.5.0\checker-qual-3.5.0.jar;"/>
    <property name="sun.cpu.endian" value="little"/>
    <property name="user.home" value="C:\Users\tapiwanashe.mbizvo.ENTELECT"/>
    <property name="user.language" value="en"/>
    <property name="java.specification.vendor" value="Oracle Corporation"/>
    <property name="java.version.date" value="2024-07-16"/>
    <property name="java.home" value="C:\Program Files\Java\jdk-17"/>
    <property name="file.separator" value="\"/>
    <property name="basedir" value="C:\devops\spring\java-ee\learn-java-ee"/>
    <property name="java.vm.compressedOopsMode" value="Zero based"/>
    <property name="line.separator" value="&#10;"/>
    <property name="java.vm.specification.vendor" value="Oracle Corporation"/>
    <property name="java.specification.name" value="Java Platform API Specification"/>
    <property name="surefire.real.class.path" value="C:\Users\tapiwanashe.mbizvo.ENTELECT\AppData\Local\Temp\surefire13491043897298688354\surefirebooter-20241019065448198_3.jar"/>
    <property name="user.script" value=""/>
    <property name="sun.management.compiler" value="HotSpot 64-Bit Tiered Compilers"/>
    <property name="java.runtime.version" value="17.0.12+8-LTS-286"/>
    <property name="user.name" value="tapiwanashe.mbizvo"/>
    <property name="path.separator" value=";"/>
    <property name="os.version" value="10.0"/>
    <property name="java.runtime.name" value="Java(TM) SE Runtime Environment"/>
    <property name="file.encoding" value="Cp1252"/>
    <property name="java.vm.name" value="Java HotSpot(TM) 64-Bit Server VM"/>
    <property name="localRepository" value="C:\Users\tapiwanashe.mbizvo.ENTELECT\.m2\repository"/>
    <property name="java.vendor.url.bug" value="https://bugreport.java.com/bugreport/"/>
    <property name="java.io.tmpdir" value="C:\Users\TAPIWA~1.ENT\AppData\Local\Temp\"/>
    <property name="java.version" value="17.0.12"/>
    <property name="user.dir" value="C:\devops\spring\java-ee\learn-java-ee"/>
    <property name="os.arch" value="amd64"/>
    <property name="java.vm.specification.name" value="Java Virtual Machine Specification"/>
    <property name="sun.os.patch.level" value=""/>
    <property name="native.encoding" value="Cp1252"/>
    <property name="java.library.path" value="C:\Program Files\Java\jdk-17\bin;C:\WINDOWS\Sun\Java\bin;C:\WINDOWS\system32;C:\WINDOWS;C:\Program Files\Microsoft SDKs\Azure\CLI2\wbin;C:\Program Files\Common Files\Oracle\Java\javapath;C:\Program Files (x86)\Common Files\Oracle\Java\java8path;C:\Program Files (x86)\Common Files\Oracle\Java\javapath;C:\WINDOWS\system32;C:\WINDOWS;C:\WINDOWS\System32\Wbem;C:\WINDOWS\System32\WindowsPowerShell\v1.0\;C:\WINDOWS\System32\OpenSSH\;C:\env\apache-maven-3.8.6;C:\HashiCorp\Terraform;C:\Program Files (x86)\NVIDIA Corporation\PhysX\Common;C:\Program Files\NVIDIA Corporation\NVIDIA NvDLISR;C:\ProgramData\chocolatey\bin;C:\Program Files\Vagrant\bin;C:\Program Files\Amazon\AWSCLIV2\;C:\Program Files\Go\bin;C:\Program Files\nodejs\;C:\Program Files\Git\cmd;C:\Users\tapiwanashe.mbizvo.ENTELECT\AppData\Local\Microsoft\WindowsApps;C:\Users\tapiwanashe.mbizvo.ENTELECT\AppData\Local\Programs\Microsoft VS Code\bin;C:\apache-maven-3.9.9-bin\apache-maven-3.9.9\bin;C:\Users\tapiwanashe.mbizvo.ENTELECT\AppData\Roaming\npm;C:\Program Files\JetBrains\PyCharm Community Edition 2024.2.3\bin;C:\Users\tapiwanashe.mbizvo.ENTELECT\AppData\Local\JetBrains\Toolbox\scripts;;."/>
    <property name="java.vm.info" value="mixed mode, sharing"/>
    <property name="java.vendor" value="Oracle Corporation"/>
    <property name="java.vm.version" value="17.0.12+8-LTS-286"/>
    <property name="sun.io.unicode.encoding" value="UnicodeLittle"/>
    <property name="java.class.version" value="61.0"/>
  </properties>
  <testcase name="shouldAnswerWithTrue" classname="com.tapiwa.learn.java.ee.AppTest" time="0.026"/>
</testsuite>